2017-09-22 21:15:53.1293|INFO|CoreUserService.Controllers.UserController|Begin create attempt for new user
2017-09-22 21:15:53.7918|INFO|CoreUserService.Controllers.UserController|Create attempt for new user id [15] successful, user created
2017-09-22 21:15:53.7918|INFO|CoreUserService.Services.JwtTokenIssuerService|Begin JWT generation for user id [15]
2017-09-22 21:15:53.8185|INFO|CoreUserService.Services.JwtTokenIssuerService|JWT successfully generated for user id [15]
2017-09-22 21:16:31.1112|INFO|CoreUserService.Controllers.UserController|Begin create attempt for new user
2017-09-22 21:16:31.2998|INFO|CoreUserService.Controllers.UserController|Create attempt for new user id [16] successful, user created
2017-09-22 21:16:31.3526|INFO|CoreUserService.Services.JwtTokenIssuerService|Begin JWT generation for user id [16]
2017-09-22 21:16:31.4251|INFO|CoreUserService.Services.JwtTokenIssuerService|JWT successfully generated for user id [16]
2017-09-22 21:17:13.7853|INFO|CoreUserService.Controllers.UserController|Begin create attempt for new user
2017-09-22 21:17:13.8995|INFO|CoreUserService.Controllers.UserController|Create attempt for new user id [17] successful, user created
2017-09-22 21:17:13.9317|INFO|CoreUserService.Services.JwtTokenIssuerService|Begin JWT generation for user id [17]
2017-09-22 21:17:13.9440|INFO|CoreUserService.Services.JwtTokenIssuerService|JWT successfully generated for user id [17]
2017-09-22 21:18:43.6905|INFO|CoreUserService.Controllers.UserController|Begin create attempt for new user
2017-09-22 21:18:43.9023|INFO|CoreUserService.Controllers.UserController|Create attempt for new user id [18] successful, user created
2017-09-22 21:18:43.9365|INFO|CoreUserService.Services.JwtTokenIssuerService|Begin JWT generation for user id [18]
2017-09-22 21:18:44.0021|INFO|CoreUserService.Services.JwtTokenIssuerService|JWT successfully generated for user id [18]
2017-09-22 21:18:55.2000|INFO|CoreUserService.Controllers.UserController|Begin create attempt for new user
2017-09-22 21:18:55.3389|INFO|CoreUserService.Controllers.UserController|Create attempt for new user id [19] successful, user created
2017-09-22 21:18:55.4003|INFO|CoreUserService.Services.JwtTokenIssuerService|Begin JWT generation for user id [19]
2017-09-22 21:18:55.4759|INFO|CoreUserService.Services.JwtTokenIssuerService|JWT successfully generated for user id [19]
2017-09-22 21:30:41.4690|INFO|CoreUserService.Controllers.UserController|Begin create attempt for new user
2017-09-22 21:30:42.1761|INFO|CoreUserService.Controllers.UserController|Create attempt for new user id [20] successful, user created
2017-09-22 21:30:42.2118|INFO|CoreUserService.Services.JwtTokenIssuerService|Begin JWT generation for user id [20]
2017-09-22 21:30:42.2259|INFO|CoreUserService.Services.JwtTokenIssuerService|JWT successfully generated for user id [20]
2017-09-22 21:31:03.3909|INFO|CoreUserService.Controllers.UserController|Begin create attempt for new user
2017-09-22 21:31:03.5363|INFO|CoreUserService.Controllers.UserController|Create attempt for new user id [21] successful, user created
2017-09-22 21:31:03.5861|INFO|CoreUserService.Services.JwtTokenIssuerService|Begin JWT generation for user id [21]
2017-09-22 21:31:03.6121|INFO|CoreUserService.Services.JwtTokenIssuerService|JWT successfully generated for user id [21]
2017-09-22 21:31:24.6235|INFO|CoreUserService.Controllers.UserController|Begin create attempt for new user
2017-09-22 21:31:24.8349|INFO|CoreUserService.Controllers.UserController|Create attempt for new user id [22] successful, user created
2017-09-22 21:31:24.8922|INFO|CoreUserService.Services.JwtTokenIssuerService|Begin JWT generation for user id [22]
2017-09-22 21:31:24.9461|INFO|CoreUserService.Services.JwtTokenIssuerService|JWT successfully generated for user id [22]
2017-09-22 21:36:55.7824|INFO|CoreUserService.Controllers.UserController|Begin create attempt for new user
2017-09-22 21:36:56.3586|INFO|CoreUserService.Controllers.UserController|Create attempt for new user id [23] successful, user created
2017-09-22 21:36:56.3930|INFO|CoreUserService.Services.JwtTokenIssuerService|Begin JWT generation for user id [23]
2017-09-22 21:36:56.4253|INFO|CoreUserService.Services.JwtTokenIssuerService|JWT successfully generated for user id [23]
2017-09-22 21:37:43.5999|INFO|CoreUserService.Controllers.UserController|Begin create attempt for new user
2017-09-22 21:37:43.6705|INFO|CoreUserService.Controllers.UserController|Create attempt for new user id [24] successful, user created
2017-09-22 21:37:43.6868|INFO|CoreUserService.Services.JwtTokenIssuerService|Begin JWT generation for user id [24]
2017-09-22 21:37:43.6957|INFO|CoreUserService.Services.JwtTokenIssuerService|JWT successfully generated for user id [24]
2017-09-22 21:39:02.4363|INFO|CoreUserService.Controllers.UserController|Begin create attempt for new user
2017-09-22 21:39:02.6248|INFO|CoreUserService.Controllers.UserController|Create attempt for new user id [25] successful, user created
2017-09-22 21:39:02.6367|INFO|CoreUserService.Services.JwtTokenIssuerService|Begin JWT generation for user id [25]
2017-09-22 21:39:02.6706|INFO|CoreUserService.Services.JwtTokenIssuerService|JWT successfully generated for user id [25]
2017-09-22 21:39:15.1657|INFO|CoreUserService.Controllers.UserController|Begin create attempt for new user
2017-09-22 21:39:15.3037|INFO|CoreUserService.Controllers.UserController|Create attempt for new user failed, data validation fail
2017-09-22 21:39:28.3192|INFO|CoreUserService.Controllers.UserController|Begin create attempt for new user
2017-09-22 21:39:28.4175|INFO|CoreUserService.Controllers.UserController|Create attempt for new user failed, data validation fail
2017-09-22 21:39:32.8770|INFO|CoreUserService.Controllers.UserController|Begin create attempt for new user
2017-09-22 21:39:32.9352|INFO|CoreUserService.Controllers.UserController|Create attempt for new user failed, data validation fail
2017-09-22 21:39:58.9997|INFO|CoreUserService.Controllers.UserController|Begin create attempt for new user
2017-09-22 21:39:59.6320|INFO|CoreUserService.Controllers.UserController|Create attempt for new user failed, data validation fail
2017-09-22 21:40:04.5251|INFO|CoreUserService.Controllers.UserController|Begin create attempt for new user
2017-09-22 21:40:04.7110|INFO|CoreUserService.Controllers.UserController|Create attempt for new user id [26] successful, user created
2017-09-22 21:40:04.7234|INFO|CoreUserService.Services.JwtTokenIssuerService|Begin JWT generation for user id [26]
2017-09-22 21:40:04.7361|INFO|CoreUserService.Services.JwtTokenIssuerService|JWT successfully generated for user id [26]
2017-09-22 21:40:06.5642|INFO|CoreUserService.Controllers.UserController|Begin create attempt for new user
2017-09-22 21:40:06.6905|INFO|CoreUserService.Controllers.UserController|Create attempt for new user failed, data validation fail
2017-09-22 21:40:22.3308|INFO|CoreUserService.Controllers.UserController|Begin create attempt for new user
2017-09-22 21:40:22.4919|INFO|CoreUserService.Controllers.UserController|Create attempt for new user failed, data validation fail
2017-09-22 21:47:32.2591|INFO|CoreUserService.Controllers.UserController|Begin create attempt for new user
2017-09-22 21:47:32.4048|INFO|CoreUserService.Controllers.UserController|Create attempt for new user id [27] successful, user created
2017-09-22 21:47:32.4199|INFO|CoreUserService.Services.JwtTokenIssuerService|Begin JWT generation for user id [27]
2017-09-22 21:47:32.4693|INFO|CoreUserService.Services.JwtTokenIssuerService|JWT successfully generated for user id [27]
2017-09-22 21:47:41.4086|INFO|CoreUserService.Controllers.UserController|Begin login attempt for username [rtom]
2017-09-22 21:47:41.5778|INFO|CoreUserService.Controllers.UserController|Login attempt for user id [27] successful, user authenticated
2017-09-22 21:47:41.5888|INFO|CoreUserService.Services.JwtTokenIssuerService|Begin JWT generation for user id [27]
2017-09-22 21:47:41.6051|INFO|CoreUserService.Services.JwtTokenIssuerService|JWT successfully generated for user id [27]
2017-09-22 21:47:58.6768|INFO|CoreUserService.Controllers.UserController|Begin login attempt for username [rtom]
2017-09-22 21:47:58.7153|INFO|CoreUserService.Controllers.UserController|Login attempt for user id [27] successful, user authenticated
2017-09-22 21:47:58.7330|INFO|CoreUserService.Services.JwtTokenIssuerService|Begin JWT generation for user id [27]
2017-09-22 21:47:58.7446|INFO|CoreUserService.Services.JwtTokenIssuerService|JWT successfully generated for user id [27]
2017-09-22 21:48:18.5726|INFO|CoreUserService.Controllers.UserController|Begin login attempt for username [rtom]
2017-09-22 21:48:18.6235|INFO|CoreUserService.Controllers.UserController|Login attempt for username [rtom] failed, invalid credentials
2017-09-22 21:48:22.2812|INFO|CoreUserService.Controllers.UserController|Begin login attempt for username [rtom]
2017-09-22 21:48:22.3173|INFO|CoreUserService.Controllers.UserController|Login attempt for user id [27] successful, user authenticated
2017-09-22 21:48:22.3280|INFO|CoreUserService.Services.JwtTokenIssuerService|Begin JWT generation for user id [27]
2017-09-22 21:48:22.3805|INFO|CoreUserService.Services.JwtTokenIssuerService|JWT successfully generated for user id [27]
2017-09-22 21:50:33.5430|INFO|CoreUserService.Controllers.UserController|Begin login attempt for username [rtom]
2017-09-22 21:50:33.6565|INFO|CoreUserService.Controllers.UserController|Login attempt for user id [27] successful, user authenticated
2017-09-22 21:50:33.7220|INFO|CoreUserService.Services.JwtTokenIssuerService|Begin JWT generation for user id [27]
2017-09-22 21:50:33.7949|INFO|CoreUserService.Services.JwtTokenIssuerService|JWT successfully generated for user id [27]
2017-09-22 21:50:53.0022|INFO|CoreUserService.Controllers.UserController|Begin login attempt for username [rtom]
2017-09-22 21:50:53.0251|INFO|CoreUserService.Controllers.UserController|Login attempt for user id [27] successful, user authenticated
2017-09-22 21:50:53.0694|INFO|CoreUserService.Services.JwtTokenIssuerService|Begin JWT generation for user id [27]
2017-09-22 21:50:53.1192|INFO|CoreUserService.Services.JwtTokenIssuerService|JWT successfully generated for user id [27]
2017-09-22 21:52:20.5838|INFO|CoreUserService.Controllers.UserController|Begin login attempt for username [rtom]
2017-09-22 21:52:20.7000|INFO|CoreUserService.Controllers.UserController|Login attempt for user id [27] successful, user authenticated
2017-09-22 21:52:20.7368|INFO|CoreUserService.Services.JwtTokenIssuerService|Begin JWT generation for user id [27]
2017-09-22 21:52:20.7941|INFO|CoreUserService.Services.JwtTokenIssuerService|JWT successfully generated for user id [27]
2017-09-22 21:53:59.8627|INFO|CoreUserService.Controllers.UserController|Begin login attempt for username [rtom]
2017-09-22 21:53:59.9693|INFO|CoreUserService.Controllers.UserController|Login attempt for user id [27] successful, user authenticated
2017-09-22 21:54:00.0220|INFO|CoreUserService.Services.JwtTokenIssuerService|Begin JWT generation for user id [27]
2017-09-22 21:54:00.0759|INFO|CoreUserService.Services.JwtTokenIssuerService|JWT successfully generated for user id [27]
2017-09-22 21:54:16.4558|INFO|CoreUserService.Controllers.UserController|Begin login attempt for username [rtom]
2017-09-22 21:54:16.5168|INFO|CoreUserService.Controllers.UserController|Login attempt for user id [27] successful, user authenticated
2017-09-22 21:54:16.5472|INFO|CoreUserService.Services.JwtTokenIssuerService|Begin JWT generation for user id [27]
2017-09-22 21:54:16.5962|INFO|CoreUserService.Services.JwtTokenIssuerService|JWT successfully generated for user id [27]
2017-09-22 21:54:31.2168|INFO|CoreUserService.Controllers.UserController|Begin login attempt for username [rtom]
2017-09-22 21:54:31.2728|INFO|CoreUserService.Controllers.UserController|Login attempt for user id [27] successful, user authenticated
2017-09-22 21:54:31.3071|INFO|CoreUserService.Services.JwtTokenIssuerService|Begin JWT generation for user id [27]
2017-09-22 21:54:31.3445|INFO|CoreUserService.Services.JwtTokenIssuerService|JWT successfully generated for user id [27]
