2017-09-24 22:03:15.2341|INFO|CoreUserService.Controllers.UserController|Begin create attempt for new user
2017-09-24 22:03:15.7880|INFO|CoreUserService.Controllers.UserController|Create attempt for new user id [36] successful, user created
2017-09-24 22:03:15.8421|INFO|CoreUserService.Services.JwtTokenIssuerService|Begin JWT generation for user id [36]
2017-09-24 22:03:15.9200|INFO|CoreUserService.Services.JwtTokenIssuerService|JWT successfully generated for user id [36]
2017-09-24 22:03:43.0021|INFO|CoreUserService.Controllers.UserController|Begin fetch attempt for user id [36]
2017-09-24 22:03:43.0931|INFO|CoreUserService.Controllers.UserController|Fetch attempt for user id [36] successful, user found
2017-09-24 22:03:43.1470|INFO|CoreUserService.Services.JwtTokenIssuerService|Begin JWT generation for user id [36]
2017-09-24 22:03:43.1986|INFO|CoreUserService.Services.JwtTokenIssuerService|JWT successfully generated for user id [36]
2017-09-24 22:04:25.6058|INFO|CoreUserService.Controllers.UserController|Begin update attempt for user id [0]
2017-09-24 22:04:25.6599|ERROR|CoreUserService.Services.JwtTokenIssuerService|User id [36] attempted to access an unauthorized resource for user id [0]
2017-09-24 22:04:25.6928|INFO|CoreUserService.Controllers.UserController|Update attempt for user id [0] failed, not authorized
2017-09-24 22:05:37.0583|INFO|CoreUserService.Controllers.UserController|Begin update attempt for user id [0]
2017-09-24 22:05:37.0705|ERROR|CoreUserService.Services.JwtTokenIssuerService|User id [36] attempted to access an unauthorized resource for user id [0]
2017-09-24 22:05:37.1056|INFO|CoreUserService.Controllers.UserController|Update attempt for user id [0] failed, not authorized
2017-09-24 22:09:07.6064|INFO|CoreUserService.Controllers.UserController|Begin update attempt for user id [0]
2017-09-24 22:09:07.6840|ERROR|CoreUserService.Services.JwtTokenIssuerService|User id [36] attempted to access an unauthorized resource for user id [0]
2017-09-24 22:09:07.7285|INFO|CoreUserService.Controllers.UserController|Update attempt for user id [0] failed, not authorized
2017-09-24 22:09:32.5719|INFO|CoreUserService.Controllers.UserController|Begin update attempt for user id [0]
2017-09-24 22:09:32.6354|ERROR|CoreUserService.Services.JwtTokenIssuerService|User id [36] attempted to access an unauthorized resource for user id [0]
2017-09-24 22:09:32.7445|INFO|CoreUserService.Controllers.UserController|Update attempt for user id [0] failed, not authorized
2017-09-24 22:10:14.8653|INFO|CoreUserService.Controllers.UserController|Begin update attempt for user id [0]
2017-09-24 22:10:14.8853|ERROR|CoreUserService.Services.JwtTokenIssuerService|User id [36] attempted to access an unauthorized resource for user id [0]
2017-09-24 22:10:14.9299|INFO|CoreUserService.Controllers.UserController|Update attempt for user id [0] failed, not authorized
2017-09-24 22:10:41.0390|INFO|CoreUserService.Controllers.UserController|Begin login attempt for username [rtom]
2017-09-24 22:10:41.4463|INFO|CoreUserService.Controllers.UserController|Login attempt for user id [36] successful, user authenticated
2017-09-24 22:10:41.4984|INFO|CoreUserService.Services.JwtTokenIssuerService|Begin JWT generation for user id [36]
2017-09-24 22:10:41.5298|INFO|CoreUserService.Services.JwtTokenIssuerService|JWT successfully generated for user id [36]
2017-09-24 22:12:39.0021|INFO|CoreUserService.Controllers.UserController|Begin update attempt for user id [0]
2017-09-24 22:12:39.0738|ERROR|CoreUserService.Services.JwtTokenIssuerService|User id [36] attempted to access an unauthorized resource for user id [0]
2017-09-24 22:12:39.1254|INFO|CoreUserService.Controllers.UserController|Update attempt for user id [0] failed, not authorized
2017-09-24 22:16:55.1647|INFO|CoreUserService.Controllers.UserController|Begin update attempt for user id [0]
2017-09-24 22:16:55.2554|ERROR|CoreUserService.Services.JwtTokenIssuerService|User id [36] attempted to access an unauthorized resource for user id [0]
2017-09-24 22:16:55.2711|INFO|CoreUserService.Controllers.UserController|Update attempt for user id [0] failed, not authorized
2017-09-24 22:17:07.1918|INFO|CoreUserService.Controllers.UserController|Begin login attempt for username [rtom]
2017-09-24 22:17:07.5808|INFO|CoreUserService.Controllers.UserController|Login attempt for user id [36] successful, user authenticated
2017-09-24 22:17:07.6390|INFO|CoreUserService.Services.JwtTokenIssuerService|Begin JWT generation for user id [36]
2017-09-24 22:17:07.7076|INFO|CoreUserService.Services.JwtTokenIssuerService|JWT successfully generated for user id [36]
2017-09-24 22:17:26.3622|INFO|CoreUserService.Controllers.UserController|Begin update attempt for user id [36]
2017-09-24 22:21:08.1107|INFO|CoreUserService.Controllers.UserController|Begin login attempt for username [rtom]
2017-09-24 22:21:08.5436|INFO|CoreUserService.Controllers.UserController|Login attempt for user id [36] successful, user authenticated
2017-09-24 22:21:08.5800|INFO|CoreUserService.Services.JwtTokenIssuerService|Begin JWT generation for user id [36]
2017-09-24 22:21:08.6331|INFO|CoreUserService.Services.JwtTokenIssuerService|JWT successfully generated for user id [36]
2017-09-24 22:21:30.6810|INFO|CoreUserService.Controllers.UserController|Begin update attempt for user id [36]
2017-09-24 22:21:36.7002|INFO|CoreUserService.Controllers.UserController|Update attempt for user id [36] failed, existing credentials invalid
2017-09-24 22:21:53.9455|INFO|CoreUserService.Controllers.UserController|Begin update attempt for user id [36]
2017-09-24 22:22:23.2853|INFO|CoreUserService.Controllers.UserController|Update attempt for user id [36] successful, user updated
2017-09-24 22:22:23.3267|INFO|CoreUserService.Services.JwtTokenIssuerService|Begin JWT generation for user id [36]
2017-09-24 22:22:23.3790|INFO|CoreUserService.Services.JwtTokenIssuerService|JWT successfully generated for user id [36]
2017-09-24 22:22:45.4728|INFO|CoreUserService.Controllers.UserController|Begin update attempt for user id [36]
2017-09-24 22:22:45.6221|INFO|CoreUserService.Controllers.UserController|Update attempt for user id [36] successful, user updated
2017-09-24 22:22:45.6899|INFO|CoreUserService.Services.JwtTokenIssuerService|Begin JWT generation for user id [36]
2017-09-24 22:22:45.7208|INFO|CoreUserService.Services.JwtTokenIssuerService|JWT successfully generated for user id [36]
2017-09-24 22:24:02.2436|INFO|CoreUserService.Controllers.UserController|Begin login attempt for username [rtom]
2017-09-24 22:24:02.3341|INFO|CoreUserService.Controllers.UserController|Login attempt for user id [36] successful, user authenticated
2017-09-24 22:24:02.3917|INFO|CoreUserService.Services.JwtTokenIssuerService|Begin JWT generation for user id [36]
2017-09-24 22:24:02.4710|INFO|CoreUserService.Services.JwtTokenIssuerService|JWT successfully generated for user id [36]
2017-09-24 22:24:19.8630|INFO|CoreUserService.Controllers.UserController|Begin update attempt for user id [36]
2017-09-24 22:24:20.1142|INFO|CoreUserService.Controllers.UserController|Update attempt for user id [36] successful, user updated
2017-09-24 22:24:20.1483|INFO|CoreUserService.Services.JwtTokenIssuerService|Begin JWT generation for user id [36]
2017-09-24 22:24:20.1698|INFO|CoreUserService.Services.JwtTokenIssuerService|JWT successfully generated for user id [36]
