2017-10-11 08:09:29.7736|INFO|CoreUserService.Controllers.UserController|Begin login attempt for username [tester]
2017-10-11 08:09:30.7832|INFO|CoreUserService.Controllers.UserController|Login attempt for username [tester] failed, invalid credentials
2017-10-11 11:38:38.7460|INFO|CoreUserService.Controllers.UserController|Begin login attempt for username [tester]
2017-10-11 11:38:39.6608|INFO|CoreUserService.Controllers.UserController|Login attempt for username [tester] failed, invalid credentials
2017-10-11 11:42:57.1087|INFO|CoreUserService.Controllers.UserController|Begin login attempt for username [rtom1986]
2017-10-11 11:42:58.4747|INFO|CoreUserService.Controllers.UserController|Login attempt for username [rtom1986] failed, invalid credentials
2017-10-11 11:52:07.6491|INFO|CoreUserService.Controllers.UserController|Begin login attempt for username [rtom]
2017-10-11 11:52:08.1164|INFO|CoreUserService.Controllers.UserController|Login attempt for user id [36] successful, user authenticated
2017-10-11 11:52:08.1445|INFO|CoreUserService.Services.JwtTokenIssuerService|Begin JWT generation for user id [36]
2017-10-11 11:52:08.1725|INFO|CoreUserService.Services.JwtTokenIssuerService|JWT successfully generated for user id [36]
2017-10-11 11:54:10.2142|INFO|CoreUserService.Controllers.UserController|Begin login attempt for username [rtom1986]
2017-10-11 11:54:10.3322|INFO|CoreUserService.Controllers.UserController|Login attempt for username [rtom1986] failed, invalid credentials
2017-10-11 11:54:33.0826|INFO|CoreUserService.Controllers.UserController|Begin login attempt for username [rtom]
2017-10-11 11:54:33.3115|INFO|CoreUserService.Controllers.UserController|Login attempt for user id [36] successful, user authenticated
2017-10-11 11:54:33.3826|INFO|CoreUserService.Services.JwtTokenIssuerService|Begin JWT generation for user id [36]
2017-10-11 11:54:33.4288|INFO|CoreUserService.Services.JwtTokenIssuerService|JWT successfully generated for user id [36]
2017-10-11 16:35:07.7201|INFO|CoreUserService.Controllers.UserController|Begin login attempt for username [rtom]
2017-10-11 16:35:08.4759|INFO|CoreUserService.Controllers.UserController|Login attempt for user id [36] successful, user authenticated
2017-10-11 16:35:08.5168|INFO|CoreUserService.Services.JwtTokenIssuerService|Begin JWT generation for user id [36]
2017-10-11 16:35:08.5885|INFO|CoreUserService.Services.JwtTokenIssuerService|JWT successfully generated for user id [36]
